Jun 02, 2020 11:49:41 AM app.Log newInfo
INFO: Prueba
Jun 02, 2020 11:49:41 AM app.Log newInfo
INFO: Cache L1 de: P0-0
Block||Coherence||Mem.Address||Data
0||I||null||null
1||I||null||null
Jun 02, 2020 11:49:41 AM app.Log newInfo
INFO: New instruction: P0,0,READ,0011
Jun 02, 2020 11:49:41 AM app.Log newInfo
INFO: Main Memory:
Block||Owner||Data
0000||null||0000
0001||null||0000
0010||null||0000
0011||null||0000
0100||null||0000
0101||null||0000
0110||null||0000
0111||null||0000
1000||null||0000
1001||null||0000
1010||null||0000
1011||null||0000
1100||null||0000
1101||null||0000
1110||null||0000
1111||P1||0000

Jun 02, 2020 11:49:43 AM app.Log newInfo
INFO: READ operation on L1: P0 - 0
Jun 02, 2020 11:49:43 AM app.Log newInfo
INFO: No data on L1: P0 - 0
Jun 02, 2020 11:49:43 AM app.Log newInfo
INFO: Search data on L2 from: P0 - 0
Jun 02, 2020 11:49:43 AM app.Log newInfo
INFO: Search data on L2 from: P0 - 0
Jun 02, 2020 11:49:43 AM app.Log newInfo
INFO: L2: Data from: P0 - 0 not found
Jun 02, 2020 11:49:43 AM app.Log newInfo
INFO: Another L2: Search data from: P0 - 0
Jun 02, 2020 11:49:43 AM app.Log newInfo
INFO: Cache L2 de: P0
Block||State||Owner||Mem. Address||Data
0||null||null||null||null
1||null||null||null||null
2||null||null||null||null
3||null||null||null||null

Jun 02, 2020 11:49:43 AM app.Log newInfo
INFO: Main Memory:
Block||Owner||Data
0000||null||0000
0001||null||0000
0010||null||0000
0011||null||0000
0100||null||0000
0101||null||0000
0110||null||0000
0111||null||0000
1000||null||0000
1001||null||0000
1010||null||0000
1011||null||0000
1100||null||0000
1101||null||0000
1110||null||0000
1111||P1||0000

Jun 02, 2020 11:49:44 AM app.Log newInfo
INFO: L2: WRITE data from: P0 - 0
Jun 02, 2020 11:49:44 AM app.Log newInfo
INFO: Cache L2 de: P0
Block||State||Owner||Mem. Address||Data
0||null||null||null||null
1||null||null||null||null
2||null||null||null||null
3||DS||P0,0||0011||0000

Jun 02, 2020 11:49:45 AM app.Log newInfo
INFO: Update with the data read on L1: P0 - 0
Jun 02, 2020 11:49:45 AM app.Log newInfo
INFO: READ operation w success on: P0 - 0
Jun 02, 2020 11:49:45 AM app.Log newInfo
INFO: Cache L1 de: P0-0
Block||Coherence||Mem.Address||Data
0||I||null||null
1||S||0011||0000
Jun 02, 2020 11:49:45 AM app.Log newInfo
INFO: New instruction: P0,0,READ,1011
Jun 02, 2020 11:49:45 AM app.Log newInfo
INFO: Main Memory:
Block||Owner||Data
0000||null||0000
0001||null||0000
0010||null||0000
0011||null||0000
0100||null||0000
0101||null||0000
0110||null||0000
0111||null||0000
1000||null||0000
1001||null||0000
1010||null||0000
1011||null||0000
1100||null||0000
1101||null||0000
1110||null||0000
1111||P1,P0||0923

Jun 02, 2020 11:49:54 AM app.Log newInfo
INFO: Main Memory:
Block||Owner||Data
0000||null||0000
0001||null||0000
0010||null||0000
0011||null||0000
0100||null||0000
0101||null||0000
0110||null||0000
0111||null||0000
1000||null||0000
1001||null||0000
1010||null||0000
1011||null||0000
1100||null||0000
1101||null||0000
1110||null||0000
1111||P1,P0||0923

Jun 02, 2020 11:49:54 AM app.Log newInfo
INFO: Cache L2 de: P0
Block||State||Owner||Mem. Address||Data
0||null||null||null||null
1||null||null||null||null
2||null||null||null||null
3||DS||P0,0||0011||0000

Jun 02, 2020 11:49:54 AM app.Log newInfo
INFO: Cache L2 de: P0
Block||State||Owner||Mem. Address||Data
0||null||null||null||null
1||null||null||null||null
2||null||null||null||null
3||DS||P0,1||0111||0000

Jun 02, 2020 11:49:55 AM app.Log newInfo
INFO: Main Memory:
Block||Owner||Data
0000||null||0000
0001||null||0000
0010||null||0000
0011||null||0000
0100||null||0000
0101||null||0000
0110||null||0000
0111||null||0000
1000||null||0000
1001||null||0000
1010||null||c980
1011||null||0000
1100||null||0000
1101||null||0000
1110||null||0000
1111||P1,P0||0923

Jun 02, 2020 11:50:07 AM app.Log newInfo
INFO: READ operation on L1: P0 - 0
Jun 02, 2020 11:50:07 AM app.Log newInfo
INFO: No data on L1: P0 - 0
Jun 02, 2020 11:50:07 AM app.Log newInfo
INFO: Search data on L2 from: P0 - 0
Jun 02, 2020 11:50:07 AM app.Log newInfo
INFO: Search data on L2 from: P0 - 0
Jun 02, 2020 11:50:07 AM app.Log newInfo
INFO: L2: Data from: P0 - 0 not found
Jun 02, 2020 11:50:07 AM app.Log newInfo
INFO: Another L2: Search data from: P0 - 0
Jun 02, 2020 11:50:07 AM app.Log newInfo
INFO: Main Memory:
Block||Owner||Data
0000||null||0000
0001||null||0000
0010||null||0000
0011||null||0000
0100||null||0000
0101||null||0000
0110||null||0000
0111||null||0000
1000||null||0000
1001||null||0000
1010||null||c980
1011||null||0000
1100||null||0000
1101||null||0000
1110||null||0000
1111||P1,P0||0923

Jun 02, 2020 11:50:07 AM app.Log newInfo
INFO: Cache L2 de: P0
Block||State||Owner||Mem. Address||Data
0||null||null||null||null
1||null||null||null||null
2||null||null||null||null
3||DS||P0,1||0111||0000

Jun 02, 2020 11:50:07 AM app.Log newInfo
INFO: L2: WRITE data from: P0 - 0
Jun 02, 2020 11:50:07 AM app.Log newInfo
INFO: Cache L2 de: P0
Block||State||Owner||Mem. Address||Data
0||null||null||null||null
1||null||null||null||null
2||null||null||null||null
3||DS||P0,0||1011||0000

Jun 02, 2020 11:50:08 AM app.Log newInfo
INFO: Update with the data read on L1: P0 - 0
Jun 02, 2020 11:50:08 AM app.Log newInfo
INFO: READ operation w success on: P0 - 0
Jun 02, 2020 11:50:08 AM app.Log newInfo
INFO: Cache L1 de: P0-0
Block||Coherence||Mem.Address||Data
0||I||null||null
1||S||1011||0000
Jun 02, 2020 11:50:08 AM app.Log newInfo
INFO: New instruction: P0,0,READ,1011
Jun 02, 2020 11:50:08 AM app.Log newInfo
INFO: Main Memory:
Block||Owner||Data
0000||null||0000
0001||null||0000
0010||null||0000
0011||null||0000
0100||null||0000
0101||null||0000
0110||null||5dd4
0111||null||0000
1000||null||0000
1001||null||0000
1010||null||c980
1011||null||0000
1100||null||0000
1101||null||0000
1110||null||0000
1111||P1,P0||0923

Jun 02, 2020 11:50:17 AM app.Log newInfo
INFO: Main Memory:
Block||Owner||Data
0000||null||0000
0001||null||0000
0010||null||0000
0011||null||0000
0100||null||0000
0101||null||0000
0110||null||5dd4
0111||null||0000
1000||null||8287
1001||null||0000
1010||null||c980
1011||null||0000
1100||null||0000
1101||null||0000
1110||null||0000
1111||P1,P0||0923

Jun 02, 2020 11:50:29 AM app.Log newInfo
INFO: Main Memory:
Block||Owner||Data
0000||null||711b
0001||null||0000
0010||null||0000
0011||null||0000
0100||null||0000
0101||null||0000
0110||null||5dd4
0111||null||0000
1000||null||8287
1001||null||0000
1010||null||c980
1011||null||0000
1100||null||0000
1101||null||0000
1110||null||0000
1111||P1,P0||0923

Jun 02, 2020 11:50:38 AM app.Log newInfo
INFO: Main Memory:
Block||Owner||Data
0000||null||711b
0001||null||0000
0010||null||0000
0011||null||0000
0100||null||0000
0101||null||0000
0110||null||5dd4
0111||null||0000
1000||null||8287
1001||null||0000
1010||null||8dc6
1011||null||0000
1100||null||0000
1101||null||0000
1110||null||0000
1111||P1,P0||0923

